2023-04-20 16:23:57,430 - INFO - Obteniendo leads a procesar 2023-04-20 16:23:57
2023-04-20 16:25:21,803 - INFO - 00:01:21
Se procesaron: 8 datos. 
Se asignaron: 8 datos. 2023-04-20 16:25:21
2023-04-20 16:32:28,300 - INFO - Duracion: 00:06:46
Se procesaron: 8 datos.
Se asignaron: 8 datos. 2023-04-20 16:32:28
2023-04-20 16:33:33,968 - INFO - Duracion: 00:06:46 2023-04-20 16:33:33
2023-04-20 16:36:25,339 - INFO - Se asignaron: 8 datos - 2023-04-20 16:36:25
2023-04-20 16:36:58,701 - INFO - Proceso terminado de manera correcta - 2023-04-20 16:36:58
2023-04-20 16:38:15,487 - ERROR - No se pudo procesar la carga de datos Hubo un problema al conectarnos con iup -  2023-04-20 16:38:15
2023-04-20 16:39:20,000 - ERROR - Ocurrio un error la obtener los leads de iup - Hubo un problema al conectarnos con iup - 2023-04-20 16:39:20
2023-04-20 16:41:33,770 - INFO - Obteniendo leads a procesar - 2023-04-20 16:41:33
2023-04-20 16:41:33,771 - ERROR - Ocurrio un error la obtener los leads de iup - 'NoneType' object has no attribute 'fillna' - 2023-04-20 16:41:33
2023-04-20 16:41:51,838 - INFO - Obteniendo leads a procesar - 2023-04-20 16:41:51
2023-04-20 16:41:51,838 - ERROR - Ocurrio un error la obtener los leads de iup - object of type 'NoneType' has no len() - 2023-04-20 16:41:51
2023-04-20 16:42:44,093 - INFO - Obteniendo leads a procesar - 2023-04-20 16:42:44
2023-04-20 16:42:44,408 - ERROR - Ocurrio un error la obtener los leads de iup - Hubo un problema al conectarnos con iup - 2023-04-20 16:42:44
2023-04-20 16:44:38,534 - INFO - Obteniendo leads a procesar - 2023-04-20 16:44:38
2023-04-20 16:44:38,839 - ERROR - Ocurrio un error la obtener los leads de iup - (MySQLdb.OperationalError) (1045, "Access denied for user 'iup'@'fixed-187-189-166-108.totalplay.net' (using password: YES)")
(Background on this error at: https://sqlalche.me/e/14/e3q8) - 2023-04-20 16:44:38
2023-04-20 20:12:38,731 - INFO - Obteniendo leads a procesar - 2023-04-20 20:12:38
2023-04-20 20:18:19,048 - INFO - Obteniendo leads a procesar - 2023-04-20 20:18:19
2023-04-20 20:24:15,348 - INFO - Obteniendo leads a procesar - 2023-04-20 20:24:15
2023-04-20 20:38:23,717 - INFO - Obteniendo leads a procesar - 2023-04-20 20:38:23
2023-04-20 21:16:57,041 - INFO - Obteniendo leads a procesar - 2023-04-20 21:16:57
